<?xml version="1.0" encoding="UTF-8"?>
<testsuite name="AppTest" tests="5" skipped="0" failures="0" errors="0" timestamp="2016-01-05T19:50:04" hostname="epicodus-33.local" time="0.003">
  <properties/>
  <testcase name="scrabbleScore_caseInsensitive_13" classname="AppTest" time="0.001"/>
  <testcase name="scrabbleScore_removesSpacesFromInput_13" classname="AppTest" time="0.001"/>
  <testcase name="scrabbleScore_returnsAScrabbleScoreForAWord_13" classname="AppTest" time="0.0"/>
  <testcase name="scrabbleScore_returnsAScrabbleScoreForALetter_1" classname="AppTest" time="0.0"/>
  <testcase name="scrabbleScore_returnsAScrabbleScoreForAnotherLetter_4" classname="AppTest" time="0.001"/>
  <system-out><![CDATA[]]></system-out>
  <system-err><![CDATA[]]></system-err>
</testsuite>
